<?xml version="1.0" encoding="UTF-8"?>
<coverage generated="1594217545981" clover="3.2.0">
  <project timestamp="1594217545981" name="All files">
    <metrics statements="13" coveredstatements="10" conditionals="2" coveredconditionals="1" methods="6" coveredmethods="5" elements="21" coveredelements="16" complexity="0" loc="13" ncloc="13" packages="1" files="3" classes="3"/>
    <file name="Footer.js" path="C:\Users\Paul\Desktop\JavaScript\gatsby-starter-strata\src\components\Footer.js">
      <metrics statements="1" coveredstatements="1" conditionals="0" coveredconditionals="0" methods="1" coveredmethods="1"/>
      <line num="5" count="2" type="stmt"/>
    </file>
    <file name="Gallery.js" path="C:\Users\Paul\Desktop\JavaScript\gatsby-starter-strata\src\components\Gallery.js">
      <metrics statements="11" coveredstatements="8" conditionals="2" coveredconditionals="1" methods="4" coveredmethods="3"/>
      <line num="7" count="1" type="stmt"/>
      <line num="9" count="1" type="stmt"/>
      <line num="25" count="1" type="cond" truecount="1" falsecount="1"/>
      <line num="27" count="0" type="stmt"/>
      <line num="29" count="0" type="stmt"/>
      <line num="47" count="0" type="stmt"/>
      <line num="51" count="1" type="stmt"/>
      <line num="52" count="1" type="stmt"/>
      <line num="54" count="1" type="stmt"/>
      <line num="69" count="1" type="stmt"/>
      <line num="70" count="1" type="stmt"/>
    </file>
    <file name="Header.js" path="C:\Users\Paul\Desktop\JavaScript\gatsby-starter-strata\src\components\Header.js">
      <metrics statements="1" coveredstatements="1" conditionals="0" coveredconditionals="0" methods="1" coveredmethods="1"/>
      <line num="8" count="1" type="stmt"/>
    </file>
  </project>
</coverage>
