{"C:\\Users\\Paul\\Desktop\\JavaScript\\gatsby-starter-strata\\src\\components\\Footer.js": {"path":"C:\\Users\\Paul\\Desktop\\JavaScript\\gatsby-starter-strata\\src\\components\\Footer.js","statementMap":{"0":{"start":{"line":5,"column":4},"end":{"line":46,"column":6}}},"fnMap":{"0":{"name":"(anonymous_0)","decl":{"start":{"line":4,"column":2},"end":{"line":4,"column":3}},"loc":{"start":{"line":4,"column":11},"end":{"line":47,"column":3}},"line":4}},"branchMap":{},"s":{"0":2},"f":{"0":2},"b":{},"_coverageSchema":"43e27e138ebf9cfc5966b082cf9a028302ed4184","hash":"b9b5e76f1a7e22bc2133efcadd110f093886712a"}
,"C:\\Users\\Paul\\Desktop\\JavaScript\\gatsby-starter-strata\\src\\components\\Gallery.js": {"path":"C:\\Users\\Paul\\Desktop\\JavaScript\\gatsby-starter-strata\\src\\components\\Gallery.js","statementMap":{"0":{"start":{"line":7,"column":4},"end":{"line":7,"column":12}},"1":{"start":{"line":9,"column":4},"end":{"line":12,"column":6}},"2":{"start":{"line":25,"column":4},"end":{"line":25,"column":24}},"3":{"start":{"line":25,"column":17},"end":{"line":25,"column":24}},"4":{"start":{"line":27,"column":20},"end":{"line":44,"column":6}},"5":{"start":{"line":29,"column":6},"end":{"line":43,"column":16}},"6":{"start":{"line":47,"column":4},"end":{"line":47,"column":48}},"7":{"start":{"line":51,"column":23},"end":{"line":51,"column":33}},"8":{"start":{"line":52,"column":46},"end":{"line":52,"column":56}},"9":{"start":{"line":54,"column":4},"end":{"line":65,"column":6}},"10":{"start":{"line":69,"column":0},"end":{"line":69,"column":32}},"11":{"start":{"line":70,"column":0},"end":{"line":72,"column":2}}},"fnMap":{"0":{"name":"(anonymous_0)","decl":{"start":{"line":6,"column":2},"end":{"line":6,"column":3}},"loc":{"start":{"line":6,"column":16},"end":{"line":15,"column":3}},"line":6},"1":{"name":"(anonymous_1)","decl":{"start":{"line":24,"column":2},"end":{"line":24,"column":3}},"loc":{"start":{"line":24,"column":24},"end":{"line":48,"column":3}},"line":24},"2":{"name":"(anonymous_2)","decl":{"start":{"line":27,"column":31},"end":{"line":27,"column":32}},"loc":{"start":{"line":29,"column":6},"end":{"line":43,"column":16}},"line":29},"3":{"name":"(anonymous_3)","decl":{"start":{"line":50,"column":2},"end":{"line":50,"column":3}},"loc":{"start":{"line":50,"column":11},"end":{"line":66,"column":3}},"line":50}},"branchMap":{"0":{"loc":{"start":{"line":25,"column":4},"end":{"line":25,"column":24}},"type":"if","locations":[{"start":{"line":25,"column":4},"end":{"line":25,"column":24}},{"start":{"line":25,"column":4},"end":{"line":25,"column":24}}],"line":25}},"s":{"0":1,"1":1,"2":1,"3":1,"4":0,"5":0,"6":0,"7":1,"8":1,"9":1,"10":1,"11":1},"f":{"0":1,"1":1,"2":0,"3":1},"b":{"0":[1,0]},"_coverageSchema":"43e27e138ebf9cfc5966b082cf9a028302ed4184","hash":"c60b6f7e210dfd1d0a3ad7c0d581d607907489e5"}
,"C:\\Users\\Paul\\Desktop\\JavaScript\\gatsby-starter-strata\\src\\components\\Header.js": {"path":"C:\\Users\\Paul\\Desktop\\JavaScript\\gatsby-starter-strata\\src\\components\\Header.js","statementMap":{"0":{"start":{"line":8,"column":4},"end":{"line":35,"column":6}}},"fnMap":{"0":{"name":"(anonymous_0)","decl":{"start":{"line":7,"column":2},"end":{"line":7,"column":3}},"loc":{"start":{"line":7,"column":11},"end":{"line":36,"column":3}},"line":7}},"branchMap":{},"s":{"0":1},"f":{"0":1},"b":{},"_coverageSchema":"43e27e138ebf9cfc5966b082cf9a028302ed4184","hash":"828835aa40f13fdd6b608eea403ca381025bcc87"}
}
