{"C:\\Users\\Paul\\Desktop\\JavaScript\\gatsby-starter-strata\\src\\components\\Footer.js": {"path":"C:\\Users\\Paul\\Desktop\\JavaScript\\gatsby-starter-strata\\src\\components\\Footer.js","statementMap":{"0":{"start":{"line":5,"column":4},"end":{"line":46,"column":6}}},"fnMap":{"0":{"name":"(anonymous_0)","decl":{"start":{"line":4,"column":2},"end":{"line":4,"column":3}},"loc":{"start":{"line":4,"column":11},"end":{"line":47,"column":3}},"line":4}},"branchMap":{},"s":{"0":1},"f":{"0":1},"b":{},"_coverageSchema":"43e27e138ebf9cfc5966b082cf9a028302ed4184","hash":"b9b5e76f1a7e22bc2133efcadd110f093886712a"}
,"C:\\Users\\Paul\\Desktop\\JavaScript\\gatsby-starter-strata\\src\\components\\Header.js": {"path":"C:\\Users\\Paul\\Desktop\\JavaScript\\gatsby-starter-strata\\src\\components\\Header.js","statementMap":{"0":{"start":{"line":8,"column":4},"end":{"line":35,"column":6}}},"fnMap":{"0":{"name":"(anonymous_0)","decl":{"start":{"line":7,"column":2},"end":{"line":7,"column":3}},"loc":{"start":{"line":7,"column":11},"end":{"line":36,"column":3}},"line":7}},"branchMap":{},"s":{"0":1},"f":{"0":1},"b":{},"_coverageSchema":"43e27e138ebf9cfc5966b082cf9a028302ed4184","hash":"828835aa40f13fdd6b608eea403ca381025bcc87"}
}
