TN:
SF:C:\Users\Paul\Desktop\JavaScript\gatsby-starter-strata\src\components\Footer.js
FN:4,(anonymous_0)
FNF:1
FNH:1
FNDA:2,(anonymous_0)
DA:5,2
LF:1
LH:1
BRF:0
BRH:0
end_of_record
TN:
SF:C:\Users\Paul\Desktop\JavaScript\gatsby-starter-strata\src\components\Gallery.js
FN:6,(anonymous_0)
FN:24,(anonymous_1)
FN:27,(anonymous_2)
FN:50,(anonymous_3)
FNF:4
FNH:3
FNDA:1,(anonymous_0)
FNDA:1,(anonymous_1)
FNDA:0,(anonymous_2)
FNDA:1,(anonymous_3)
DA:7,1
DA:9,1
DA:25,1
DA:27,0
DA:29,0
DA:47,0
DA:51,1
DA:52,1
DA:54,1
DA:69,1
DA:70,1
LF:11
LH:8
BRDA:25,0,0,1
BRDA:25,0,1,0
BRF:2
BRH:1
end_of_record
TN:
SF:C:\Users\Paul\Desktop\JavaScript\gatsby-starter-strata\src\components\Header.js
FN:7,(anonymous_0)
FNF:1
FNH:1
FNDA:1,(anonymous_0)
DA:8,1
LF:1
LH:1
BRF:0
BRH:0
end_of_record
